> Task :checkKotlinGradlePluginConfigurationErrors SKIPPED
> Task :compileKotlin UP-TO-DATE
> Task :compileJava NO-SOURCE
> Task :processResources UP-TO-DATE
> Task :classes UP-TO-DATE
> Task :resolveMainClassName UP-TO-DATE

> Task :bootRun

  .   ____          _            __ _ _
 /\\ / ___'_ __ _ _(_)_ __  __ _ \ \ \ \
( ( )\___ | '_ | '_| | '_ \/ _` | \ \ \ \
 \\/  ___)| |_)| | | | | || (_| |  ) ) ) )
  '  |____| .__|_| |_|_| |_\__, | / / / /
 =========|_|==============|___/=/_/_/_/

 :: Spring Boot ::                (v4.0.1)

2025-12-26T00:16:31.834+09:00  INFO 77973 --- [TrueTrip] [           main] c.spring.truetrip.TrueTripApplicationKt  : Starting TrueTripApplicationKt using Java 21.0.6 with PID 77973 (/Users/seonghoyu/Desktop/develop/TrueTrip/backend/build/classes/kotlin/main started by seonghoyu in /Users/seonghoyu/Desktop/develop/TrueTrip/backend)
2025-12-26T00:16:31.835+09:00  INFO 77973 --- [TrueTrip] [           main] c.spring.truetrip.TrueTripApplicationKt  : The following 1 profile is active: "secret"
2025-12-26T00:16:32.010+09:00  INFO 77973 --- [TrueTrip] [           main] .s.d.r.c.RepositoryConfigurationDelegate : Bootstrapping Spring Data JPA repositories in DEFAULT mode.
2025-12-26T00:16:32.027+09:00  INFO 77973 --- [TrueTrip] [           main] .s.d.r.c.RepositoryConfigurationDelegate : Finished Spring Data repository scanning in 14 ms. Found 4 JPA repository interfaces.
2025-12-26T00:16:32.157+09:00  INFO 77973 --- [TrueTrip] [           main] o.s.boot.tomcat.TomcatWebServer          : Tomcat initialized with port 8080 (http)
2025-12-26T00:16:32.161+09:00  INFO 77973 --- [TrueTrip] [           main] o.apache.catalina.core.StandardService   : Starting service [Tomcat]
2025-12-26T00:16:32.161+09:00  INFO 77973 --- [TrueTrip] [           main] o.apache.catalina.core.StandardEngine    : Starting Servlet engine: [Apache Tomcat/11.0.15]
2025-12-26T00:16:32.175+09:00  INFO 77973 --- [TrueTrip] [           main] b.w.c.s.WebApplicationContextInitializer : Root WebApplicationContext: initialization completed in 324 ms
2025-12-26T00:16:32.220+09:00  INFO 77973 --- [TrueTrip] [           main] org.hibernate.orm.jpa                    : HHH008540: Processing PersistenceUnitInfo [name: default]
2025-12-26T00:16:32.236+09:00  INFO 77973 --- [TrueTrip] [           main] org.hibernate.orm.core                   : HHH000001: Hibernate ORM core version 7.2.0.Final
2025-12-26T00:16:32.368+09:00  INFO 77973 --- [TrueTrip] [           main] o.s.o.j.p.SpringPersistenceUnitInfo      : No LoadTimeWeaver setup: ignoring JPA class transformer
2025-12-26T00:16:32.378+09:00  INFO 77973 --- [TrueTrip] [           main] com.zaxxer.hikari.HikariDataSource       : HikariPool-1 - Starting...
2025-12-26T00:16:32.428+09:00  INFO 77973 --- [TrueTrip] [           main] com.zaxxer.hikari.pool.HikariPool        : HikariPool-1 - Added connection conn0: url=jdbc:h2:mem:truetrip user=SA
2025-12-26T00:16:32.428+09:00  INFO 77973 --- [TrueTrip] [           main] com.zaxxer.hikari.HikariDataSource       : HikariPool-1 - Start completed.
2025-12-26T00:16:32.435+09:00  WARN 77973 --- [TrueTrip] [           main] org.hibernate.orm.deprecation            : HHH90000025: H2Dialect does not need to be specified explicitly using 'hibernate.dialect' (remove the property setting and it will be selected by default)
2025-12-26T00:16:32.442+09:00  INFO 77973 --- [TrueTrip] [           main] org.hibernate.orm.connections.pooling    : HHH10001005: Database info:
	Database JDBC URL [jdbc:h2:mem:truetrip]
	Database driver: H2 JDBC Driver
	Database dialect: H2Dialect
	Database version: 2.4.240
	Default catalog/schema: TRUETRIP/PUBLIC
	Autocommit mode: undefined/unknown
	Isolation level: READ_COMMITTED [default READ_COMMITTED]
	JDBC fetch size: 100
	Pool: DataSourceConnectionProvider
	Minimum pool size: undefined/unknown
	Maximum pool size: undefined/unknown
2025-12-26T00:16:32.718+09:00  INFO 77973 --- [TrueTrip] [           main] org.hibernate.orm.core                   : HHH000489: No JTA platform available (set 'hibernate.transaction.jta.platform' to enable JTA platform integration)
Hibernate: 
    create table itineraries (
        id bigint generated by default as identity,
        sequence integer not null,
        visit_time timestamp(6),
        place_id bigint not null,
        trip_id bigint not null,
        primary key (id)
    )
Hibernate: 
    create table places (
        id bigint generated by default as identity,
        description TEXT,
        latitude float(53) not null,
        longitude float(53) not null,
        name varchar(255) not null,
        namu_wiki_url varchar(255),
        primary key (id)
    )
Hibernate: 
    create table trips (
        id bigint generated by default as identity,
        end_date date,
        start_date date,
        title varchar(255) not null,
        user_id bigint not null,
        primary key (id)
    )
Hibernate: 
    create table users (
        id bigint generated by default as identity,
        email varchar(255) not null,
        nickname varchar(255) not null,
        primary key (id)
    )
Hibernate: 
    alter table if exists users 
       drop constraint if exists UK6dotkott2kjsp8vw4d0m25fb7
Hibernate: 
    alter table if exists users 
       add constraint UK6dotkott2kjsp8vw4d0m25fb7 unique (email)
Hibernate: 
    alter table if exists itineraries 
       add constraint FKpjeur71o9ed2l8ebiul29hco3 
       foreign key (place_id) 
       references places
Hibernate: 
    alter table if exists itineraries 
       add constraint FK5x0i0sik3lh1hn5mt3ssifga5 
       foreign key (trip_id) 
       references trips
Hibernate: 
    alter table if exists trips 
       add constraint FK8wb14dx6ed0bpp3planbay88u 
       foreign key (user_id) 
       references users
2025-12-26T00:16:32.742+09:00  INFO 77973 --- [TrueTrip] [           main] j.LocalContainerEntityManagerFactoryBean : Initialized JPA EntityManagerFactory for persistence unit 'default'
2025-12-26T00:16:32.842+09:00  INFO 77973 --- [TrueTrip] [           main] o.s.d.j.r.query.QueryEnhancerFactories   : Hibernate is in classpath; If applicable, HQL parser will be used.
2025-12-26T00:16:33.067+09:00  WARN 77973 --- [TrueTrip] [           main] JpaBaseConfiguration$JpaWebConfiguration : spring.jpa.open-in-view is enabled by default. Therefore, database queries may be performed during view rendering. Explicitly configure spring.jpa.open-in-view to disable this warning
2025-12-26T00:16:33.170+09:00  INFO 77973 --- [TrueTrip] [           main] o.s.boot.tomcat.TomcatWebServer          : Tomcat started on port 8080 (http) with context path '/'
2025-12-26T00:16:33.172+09:00  INFO 77973 --- [TrueTrip] [           main] c.spring.truetrip.TrueTripApplicationKt  : Started TrueTripApplicationKt in 1.454 seconds (process running for 1.564)
Hibernate: 
    select
        count(*) 
    from
        places p1_0
Hibernate: 
    insert 
    into
        places
        (description, latitude, longitude, name, namu_wiki_url, id) 
    values
        (?, ?, ?, ?, ?, default)
Hibernate: 
    insert 
    into
        places
        (description, latitude, longitude, name, namu_wiki_url, id) 
    values
        (?, ?, ?, ?, ?, default)
Hibernate: 
    insert 
    into
        places
        (description, latitude, longitude, name, namu_wiki_url, id) 
    values
        (?, ?, ?, ?, ?, default)
Hibernate: 
    insert 
    into
        places
        (description, latitude, longitude, name, namu_wiki_url, id) 
    values
        (?, ?, ?, ?, ?, default)
Hibernate: 
    insert 
    into
        places
        (description, latitude, longitude, name, namu_wiki_url, id) 
    values
        (?, ?, ?, ?, ?, default)
✅ Sample places initialized.
