> Task :checkKotlinGradlePluginConfigurationErrors SKIPPED
> Task :compileKotlin UP-TO-DATE
> Task :compileJava NO-SOURCE
> Task :processResources UP-TO-DATE
> Task :classes UP-TO-DATE
> Task :resolveMainClassName

> Task :bootRun FAILED

  .   ____          _            __ _ _
 /\\ / ___'_ __ _ _(_)_ __  __ _ \ \ \ \
( ( )\___ | '_ | '_| | '_ \/ _` | \ \ \ \
 \\/  ___)| |_)| | | | | || (_| |  ) ) ) )
  '  |____| .__|_| |_|_| |_\__, | / / / /
 =========|_|==============|___/=/_/_/_/

 :: Spring Boot ::                (v4.0.1)

2025-12-25T23:54:50.470+09:00  INFO 77214 --- [TrueTrip] [           main] c.spring.truetrip.TrueTripApplicationKt  : Starting TrueTripApplicationKt using Java 21.0.6 with PID 77214 (/Users/seonghoyu/Desktop/develop/TrueTrip/backend/build/classes/kotlin/main started by seonghoyu in /Users/seonghoyu/Desktop/develop/TrueTrip/backend)
2025-12-25T23:54:50.471+09:00  INFO 77214 --- [TrueTrip] [           main] c.spring.truetrip.TrueTripApplicationKt  : The following 1 profile is active: "secret"
2025-12-25T23:54:50.661+09:00  INFO 77214 --- [TrueTrip] [           main] .s.d.r.c.RepositoryConfigurationDelegate : Bootstrapping Spring Data JPA repositories in DEFAULT mode.
2025-12-25T23:54:50.677+09:00  INFO 77214 --- [TrueTrip] [           main] .s.d.r.c.RepositoryConfigurationDelegate : Finished Spring Data repository scanning in 13 ms. Found 4 JPA repository interfaces.
2025-12-25T23:54:50.813+09:00  INFO 77214 --- [TrueTrip] [           main] o.s.boot.tomcat.TomcatWebServer          : Tomcat initialized with port 8080 (http)
2025-12-25T23:54:50.818+09:00  INFO 77214 --- [TrueTrip] [           main] o.apache.catalina.core.StandardService   : Starting service [Tomcat]
2025-12-25T23:54:50.818+09:00  INFO 77214 --- [TrueTrip] [           main] o.apache.catalina.core.StandardEngine    : Starting Servlet engine: [Apache Tomcat/11.0.15]
2025-12-25T23:54:50.833+09:00  INFO 77214 --- [TrueTrip] [           main] b.w.c.s.WebApplicationContextInitializer : Root WebApplicationContext: initialization completed in 345 ms
2025-12-25T23:54:50.887+09:00  INFO 77214 --- [TrueTrip] [           main] org.hibernate.orm.jpa                    : HHH008540: Processing PersistenceUnitInfo [name: default]
2025-12-25T23:54:50.906+09:00  INFO 77214 --- [TrueTrip] [           main] org.hibernate.orm.core                   : HHH000001: Hibernate ORM core version 7.2.0.Final
2025-12-25T23:54:51.047+09:00  INFO 77214 --- [TrueTrip] [           main] o.s.o.j.p.SpringPersistenceUnitInfo      : No LoadTimeWeaver setup: ignoring JPA class transformer
2025-12-25T23:54:51.057+09:00  INFO 77214 --- [TrueTrip] [           main] com.zaxxer.hikari.HikariDataSource       : HikariPool-1 - Starting...
2025-12-25T23:54:51.112+09:00  INFO 77214 --- [TrueTrip] [           main] com.zaxxer.hikari.pool.HikariPool        : HikariPool-1 - Added connection conn0: url=jdbc:h2:mem:truetrip user=SA
2025-12-25T23:54:51.112+09:00  INFO 77214 --- [TrueTrip] [           main] com.zaxxer.hikari.HikariDataSource       : HikariPool-1 - Start completed.
2025-12-25T23:54:51.120+09:00  WARN 77214 --- [TrueTrip] [           main] org.hibernate.orm.deprecation            : HHH90000025: H2Dialect does not need to be specified explicitly using 'hibernate.dialect' (remove the property setting and it will be selected by default)
2025-12-25T23:54:51.127+09:00  INFO 77214 --- [TrueTrip] [           main] org.hibernate.orm.connections.pooling    : HHH10001005: Database info:
	Database JDBC URL [jdbc:h2:mem:truetrip]
	Database driver: H2 JDBC Driver
	Database dialect: H2Dialect
	Database version: 2.4.240
	Default catalog/schema: TRUETRIP/PUBLIC
	Autocommit mode: undefined/unknown
	Isolation level: READ_COMMITTED [default READ_COMMITTED]
	JDBC fetch size: 100
	Pool: DataSourceConnectionProvider
	Minimum pool size: undefined/unknown
	Maximum pool size: undefined/unknown
2025-12-25T23:54:51.410+09:00  INFO 77214 --- [TrueTrip] [           main] org.hibernate.orm.core                   : HHH000489: No JTA platform available (set 'hibernate.transaction.jta.platform' to enable JTA platform integration)
Hibernate: 
    create table itineraries (
        id bigint generated by default as identity,
        sequence integer not null,
        visit_time timestamp(6),
        place_id bigint not null,
        trip_id bigint not null,
        primary key (id)
    )
Hibernate: 
    create table places (
        id bigint generated by default as identity,
        description TEXT,
        latitude float(53) not null,
        longitude float(53) not null,
        name varchar(255) not null,
        namu_wiki_url varchar(255),
        primary key (id)
    )
Hibernate: 
    create table trips (
        id bigint generated by default as identity,
        end_date date,
        start_date date,
        title varchar(255) not null,
        user_id bigint not null,
        primary key (id)
    )
Hibernate: 
    create table users (
        id bigint generated by default as identity,
        email varchar(255) not null,
        nickname varchar(255) not null,
        primary key (id)
    )
Hibernate: 
    alter table if exists users 
       drop constraint if exists UK6dotkott2kjsp8vw4d0m25fb7
Hibernate: 
    alter table if exists users 
       add constraint UK6dotkott2kjsp8vw4d0m25fb7 unique (email)
Hibernate: 
    alter table if exists itineraries 
       add constraint FKpjeur71o9ed2l8ebiul29hco3 
       foreign key (place_id) 
       references places
Hibernate: 
    alter table if exists itineraries 
       add constraint FK5x0i0sik3lh1hn5mt3ssifga5 
       foreign key (trip_id) 
       references trips
Hibernate: 
    alter table if exists trips 
       add constraint FK8wb14dx6ed0bpp3planbay88u 
       foreign key (user_id) 
       references users
2025-12-25T23:54:51.438+09:00  INFO 77214 --- [TrueTrip] [           main] j.LocalContainerEntityManagerFactoryBean : Initialized JPA EntityManagerFactory for persistence unit 'default'
2025-12-25T23:54:51.537+09:00  INFO 77214 --- [TrueTrip] [           main] o.s.d.j.r.query.QueryEnhancerFactories   : Hibernate is in classpath; If applicable, HQL parser will be used.
2025-12-25T23:54:51.742+09:00  WARN 77214 --- [TrueTrip] [           main] ConfigServletWebServerApplicationContext : Exception encountered during context initialization - cancelling refresh attempt: org.springframework.beans.factory.UnsatisfiedDependencyException: Error creating bean with name 'recommendationController' defined in file [/Users/seonghoyu/Desktop/develop/TrueTrip/backend/build/classes/kotlin/main/com/spring/truetrip/controller/RecommendationController.class]: Unsatisfied dependency expressed through constructor parameter 1: No qualifying bean of type 'com.fasterxml.jackson.databind.ObjectMapper' available: expected at least 1 bean which qualifies as autowire candidate. Dependency annotations: {}
2025-12-25T23:54:51.742+09:00  INFO 77214 --- [TrueTrip] [           main] j.LocalContainerEntityManagerFactoryBean : Closing JPA EntityManagerFactory for persistence unit 'default'
2025-12-25T23:54:51.743+09:00  INFO 77214 --- [TrueTrip] [           main] com.zaxxer.hikari.HikariDataSource       : HikariPool-1 - Shutdown initiated...
2025-12-25T23:54:51.743+09:00  INFO 77214 --- [TrueTrip] [           main] com.zaxxer.hikari.HikariDataSource       : HikariPool-1 - Shutdown completed.
2025-12-25T23:54:51.744+09:00  INFO 77214 --- [TrueTrip] [           main] o.apache.catalina.core.StandardService   : Stopping service [Tomcat]
2025-12-25T23:54:51.746+09:00  INFO 77214 --- [TrueTrip] [           main] .s.b.a.l.ConditionEvaluationReportLogger : 

Error starting ApplicationContext. To display the condition evaluation report re-run your application with 'debug' enabled.
2025-12-25T23:54:51.751+09:00 ERROR 77214 --- [TrueTrip] [           main] o.s.b.d.LoggingFailureAnalysisReporter   : 

***************************
APPLICATION FAILED TO START
***************************

Description:

Parameter 1 of constructor in com.spring.truetrip.controller.RecommendationController required a bean of type 'com.fasterxml.jackson.databind.ObjectMapper' that could not be found.


Action:

Consider defining a bean of type 'com.fasterxml.jackson.databind.ObjectMapper' in your configuration.


FAILURE: Build failed with an exception.

* What went wrong:
Execution failed for task ':bootRun'.
> Process 'command '/Users/seonghoyu/.sdkman/candidates/java/21.0.6-librca/bin/java'' finished with non-zero exit value 1

* Try:
> Run with --stacktrace option to get the stack trace.
> Run with --info or --debug option to get more log output.
> Run with --scan to generate a Build Scan (powered by Develocity).
> Get more help at https://help.gradle.org.

BUILD FAILED in 2s
4 actionable tasks: 2 executed, 2 up-to-date
